<?xml version="1.0" encoding="UTF-8"?>
<testng-results skipped="0" failed="0" ignored="10" total="21" passed="11">
  <reporter-output>
  </reporter-output>
  <suite name="Suite" duration-ms="44042" started-at="2020-11-21T15:49:01Z" finished-at="2020-11-21T15:49:45Z">
    <groups>
    </groups>
    <test name="TestDemo_V_1" duration-ms="44042" started-at="2020-11-21T15:49:01Z" finished-at="2020-11-21T15:49:45Z">
      <class name="demo_Project.test.CommerceAreaPageTest">
        <test-method status="PASS" signature="clkCommercialProposals()[pri:0, instance:demo_Project.test.CommerceAreaPageTest@691a7f8f]" name="clkCommercialProposals" duration-ms="1538" started-at="2020-11-21T10:49:08Z" finished-at="2020-11-21T10:49:09Z">
          <reporter-output>
          </reporter-output>
        </test-method> <!-- clkCommercialProposals -->
      </class> <!-- demo_Project.test.CommerceAreaPageTest -->
      <class name="demo_Project.test.ListOfCommercialProposalsPageTest">
        <test-method status="PASS" signature="testListOfCommercialProposalpage(java.lang.String, java.lang.String, java.lang.String, java.lang.String, java.lang.String, java.lang.String, java.lang.String, java.lang.String, java.lang.String, java.lang.String, java.lang.String, java.lang.String, java.lang.String, java.lang.String, java.lang.String, java.lang.String, java.lang.String, java.lang.String, java.lang.String)[pri:0, instance:demo_Project.test.ListOfCommercialProposalsPageTest@161b062a]" name="testListOfCommercialProposalpage" duration-ms="533" started-at="2020-11-21T10:49:19Z" data-provider="dp" finished-at="2020-11-21T10:49:20Z">
          <params>
            <param index="0">
              <value>
                <![CDATA[MMH001]]>
              </value>
            </param>
            <param index="1">
              <value>
                <![CDATA[001 ethan]]>
              </value>
            </param>
            <param index="2">
              <value>
                <![CDATA[Oct]]>
              </value>
            </param>
            <param index="3">
              <value>
                <![CDATA[2018]]>
              </value>
            </param>
            <param index="4">
              <value>
                <![CDATA[15]]>
              </value>
            </param>
            <param index="5">
              <value>
                <![CDATA[10]]>
              </value>
            </param>
            <param index="6">
              <value>
                <![CDATA[60 days]]>
              </value>
            </param>
            <param index="7">
              <value>
                <![CDATA[Credit card]]>
              </value>
            </param>
            <param index="8">
              <value>
                <![CDATA[Commercial contact]]>
              </value>
            </param>
            <param index="9">
              <value>
                <![CDATA[1 week]]>
              </value>
            </param>
            <param index="10">
              <value>
                <![CDATA[Transporter]]>
              </value>
            </param>
            <param index="11">
              <value>
                <![CDATA[Oct]]>
              </value>
            </param>
            <param index="12">
              <value>
                <![CDATA[2020]]>
              </value>
            </param>
            <param index="13">
              <value>
                <![CDATA[20]]>
              </value>
            </param>
            <param index="14">
              <value>
                <![CDATA[8455748 - Project 4]]>
              </value>
            </param>
            <param index="15">
              <value>
                <![CDATA[US Dollars ($)]]>
              </value>
            </param>
            <param index="16">
              <value>
                <![CDATA[My first Proposal]]>
              </value>
            </param>
            <param index="17">
              <value>
                <![CDATA[Note should be draft]]>
              </value>
            </param>
            <param index="18">
              <value>
                <![CDATA[PROV789]]>
              </value>
            </param>
          </params>
          <reporter-output>
          </reporter-output>
        </test-method> <!-- testListOfCommercialProposalpage -->
      </class> <!-- demo_Project.test.ListOfCommercialProposalsPageTest -->
      <class name="demo_Project.test.ListOfVendorProposalRequestsTest">
        <test-method status="PASS" signature="testListOfVendorProposalRequestPage(java.lang.String, java.lang.String, java.lang.String, java.lang.String, java.lang.String, java.lang.String, java.lang.String, java.lang.String, java.lang.String, java.lang.String, java.lang.String)[pri:0, instance:demo_Project.test.ListOfVendorProposalRequestsTest@53ca01a2]" name="testListOfVendorProposalRequestPage" duration-ms="4536" started-at="2020-11-21T10:49:41Z" data-provider="dp" finished-at="2020-11-21T10:49:45Z">
          <params>
            <param index="0">
              <value>
                <![CDATA[ALG]]>
              </value>
            </param>
            <param index="1">
              <value>
                <![CDATA[60 days of month-end]]>
              </value>
            </param>
            <param index="2">
              <value>
                <![CDATA[Debit payment order]]>
              </value>
            </param>
            <param index="3">
              <value>
                <![CDATA[Transporter]]>
              </value>
            </param>
            <param index="4">
              <value>
                <![CDATA[Mar]]>
              </value>
            </param>
            <param index="5">
              <value>
                <![CDATA[2018]]>
              </value>
            </param>
            <param index="6">
              <value>
                <![CDATA[25]]>
              </value>
            </param>
            <param index="7">
              <value>
                <![CDATA[aurore]]>
              </value>
            </param>
            <param index="8">
              <value>
                <![CDATA[PJ2010-7634, BILLY]]>
              </value>
            </param>
            <param index="9">
              <value>
                <![CDATA[Euros (€)]]>
              </value>
            </param>
            <param index="10">
              <value>
                <![CDATA[PROV167]]>
              </value>
            </param>
          </params>
          <reporter-output>
          </reporter-output>
        </test-method> <!-- testListOfVendorProposalRequestPage -->
      </class> <!-- demo_Project.test.ListOfVendorProposalRequestsTest -->
      <class name="demo_Project.test.NewSalesOrdersPageTest">
        <test-method status="PASS" signature="testNewSalesOrdersPage(java.lang.String, java.lang.String, java.lang.String, java.lang.String, java.lang.String, java.lang.String, java.lang.String, java.lang.String, java.lang.String, java.lang.String, java.lang.String, java.lang.String, java.lang.String, java.lang.String, java.lang.String, java.lang.String, java.lang.String, java.lang.String, java.lang.String)[pri:0, instance:demo_Project.test.NewSalesOrdersPageTest@2d9d4f9d]" name="testNewSalesOrdersPage" duration-ms="4400" started-at="2020-11-21T10:49:21Z" data-provider="dp" finished-at="2020-11-21T10:49:25Z">
          <params>
            <param index="0">
              <value>
                <![CDATA[MMH001Sales]]>
              </value>
            </param>
            <param index="1">
              <value>
                <![CDATA[ALTO]]>
              </value>
            </param>
            <param index="2">
              <value>
                <![CDATA[Feb]]>
              </value>
            </param>
            <param index="3">
              <value>
                <![CDATA[2019]]>
              </value>
            </param>
            <param index="4">
              <value>
                <![CDATA[28]]>
              </value>
            </param>
            <param index="5">
              <value>
                <![CDATA[Nov]]>
              </value>
            </param>
            <param index="6">
              <value>
                <![CDATA[2020]]>
              </value>
            </param>
            <param index="7">
              <value>
                <![CDATA[30]]>
              </value>
            </param>
            <param index="8">
              <value>
                <![CDATA[Due Upon Receipt]]>
              </value>
            </param>
            <param index="9">
              <value>
                <![CDATA[Bank transfer]]>
              </value>
            </param>
            <param index="10">
              <value>
                <![CDATA[Immediate]]>
              </value>
            </param>
            <param index="11">
              <value>
                <![CDATA[Catch]]>
              </value>
            </param>
            <param index="12">
              <value>
                <![CDATA[Internet]]>
              </value>
            </param>
            <param index="13">
              <value>
                <![CDATA[8455748, Project 4 - carlos laserna delgado (cld)]]>
              </value>
            </param>
            <param index="14">
              <value>
                <![CDATA[Duty Free]]>
              </value>
            </param>
            <param index="15">
              <value>
                <![CDATA[US Dollars ($)]]>
              </value>
            </param>
            <param index="16">
              <value>
                <![CDATA[Finish in time]]>
              </value>
            </param>
            <param index="17">
              <value>
                <![CDATA[Do not dely]]>
              </value>
            </param>
            <param index="18">
              <value>
                <![CDATA[PROV1084]]>
              </value>
            </param>
          </params>
          <reporter-output>
          </reporter-output>
        </test-method> <!-- testNewSalesOrdersPage -->
      </class> <!-- demo_Project.test.NewSalesOrdersPageTest -->
      <class name="demo_Project.test.ListOfSalesOrderTest">
        <test-method status="PASS" signature="testListOfSalesOrdersPage(java.lang.String, java.lang.String, java.lang.String, java.lang.String, java.lang.String, java.lang.String, java.lang.String, java.lang.String, java.lang.String, java.lang.String, java.lang.String, java.lang.String, java.lang.String, java.lang.String, java.lang.String, java.lang.String, java.lang.String, java.lang.String, java.lang.String)[pri:0, instance:demo_Project.test.ListOfSalesOrderTest@4034c28c]" name="testListOfSalesOrdersPage" duration-ms="4740" started-at="2020-11-21T10:49:26Z" data-provider="dp" finished-at="2020-11-21T10:49:30Z">
          <params>
            <param index="0">
              <value>
                <![CDATA[MMH001Sales]]>
              </value>
            </param>
            <param index="1">
              <value>
                <![CDATA[ALTO]]>
              </value>
            </param>
            <param index="2">
              <value>
                <![CDATA[Feb]]>
              </value>
            </param>
            <param index="3">
              <value>
                <![CDATA[2019]]>
              </value>
            </param>
            <param index="4">
              <value>
                <![CDATA[28]]>
              </value>
            </param>
            <param index="5">
              <value>
                <![CDATA[Nov]]>
              </value>
            </param>
            <param index="6">
              <value>
                <![CDATA[2020]]>
              </value>
            </param>
            <param index="7">
              <value>
                <![CDATA[30]]>
              </value>
            </param>
            <param index="8">
              <value>
                <![CDATA[Due Upon Receipt]]>
              </value>
            </param>
            <param index="9">
              <value>
                <![CDATA[Bank transfer]]>
              </value>
            </param>
            <param index="10">
              <value>
                <![CDATA[Immediate]]>
              </value>
            </param>
            <param index="11">
              <value>
                <![CDATA[Catch]]>
              </value>
            </param>
            <param index="12">
              <value>
                <![CDATA[Internet]]>
              </value>
            </param>
            <param index="13">
              <value>
                <![CDATA[8455748, Project 4 - carlos laserna delgado (cld)]]>
              </value>
            </param>
            <param index="14">
              <value>
                <![CDATA[Duty Free]]>
              </value>
            </param>
            <param index="15">
              <value>
                <![CDATA[US Dollars ($)]]>
              </value>
            </param>
            <param index="16">
              <value>
                <![CDATA[Finish in time]]>
              </value>
            </param>
            <param index="17">
              <value>
                <![CDATA[Do not dely]]>
              </value>
            </param>
            <param index="18">
              <value>
                <![CDATA[PROV1084]]>
              </value>
            </param>
          </params>
          <reporter-output>
          </reporter-output>
        </test-method> <!-- testListOfSalesOrdersPage -->
      </class> <!-- demo_Project.test.ListOfSalesOrderTest -->
      <class name="demo_Project.test.NotesForCProposalPageTest">
        <test-method status="PASS" signature="testForNotesOfCProposalpage(java.lang.String, java.lang.String, java.lang.String, java.lang.String, java.lang.String, java.lang.String, java.lang.String, java.lang.String, java.lang.String, java.lang.String, java.lang.String, java.lang.String, java.lang.String, java.lang.String, java.lang.String, java.lang.String, java.lang.String, java.lang.String, java.lang.String)[pri:0, instance:demo_Project.test.NotesForCProposalPageTest@17c1bced]" name="testForNotesOfCProposalpage" duration-ms="640" started-at="2020-11-21T10:49:20Z" data-provider="dp" finished-at="2020-11-21T10:49:21Z">
          <params>
            <param index="0">
              <value>
                <![CDATA[MMH001]]>
              </value>
            </param>
            <param index="1">
              <value>
                <![CDATA[001 ethan]]>
              </value>
            </param>
            <param index="2">
              <value>
                <![CDATA[Oct]]>
              </value>
            </param>
            <param index="3">
              <value>
                <![CDATA[2018]]>
              </value>
            </param>
            <param index="4">
              <value>
                <![CDATA[5]]>
              </value>
            </param>
            <param index="5">
              <value>
                <![CDATA[10]]>
              </value>
            </param>
            <param index="6">
              <value>
                <![CDATA[60 days]]>
              </value>
            </param>
            <param index="7">
              <value>
                <![CDATA[Credit card]]>
              </value>
            </param>
            <param index="8">
              <value>
                <![CDATA[Commercial contact]]>
              </value>
            </param>
            <param index="9">
              <value>
                <![CDATA[1 week]]>
              </value>
            </param>
            <param index="10">
              <value>
                <![CDATA[Transporter]]>
              </value>
            </param>
            <param index="11">
              <value>
                <![CDATA[Oct]]>
              </value>
            </param>
            <param index="12">
              <value>
                <![CDATA[2018]]>
              </value>
            </param>
            <param index="13">
              <value>
                <![CDATA[21]]>
              </value>
            </param>
            <param index="14">
              <value>
                <![CDATA[8455748 - Project 4]]>
              </value>
            </param>
            <param index="15">
              <value>
                <![CDATA[US Dollars ($)]]>
              </value>
            </param>
            <param index="16">
              <value>
                <![CDATA[My first Proposal]]>
              </value>
            </param>
            <param index="17">
              <value>
                <![CDATA[Note should be draft]]>
              </value>
            </param>
            <param index="18">
              <value>
                <![CDATA[PROV789]]>
              </value>
            </param>
          </params>
          <reporter-output>
          </reporter-output>
        </test-method> <!-- testForNotesOfCProposalpage -->
      </class> <!-- demo_Project.test.NotesForCProposalPageTest -->
      <class name="demo_Project.test.NewPriceRequestVendorPageTest">
        <test-method status="PASS" signature="testNewPriceRequest(java.lang.String, java.lang.String, java.lang.String, java.lang.String, java.lang.String, java.lang.String, java.lang.String, java.lang.String, java.lang.String, java.lang.String, java.lang.String)[pri:0, instance:demo_Project.test.NewPriceRequestVendorPageTest@14ec4505]" name="testNewPriceRequest" duration-ms="5289" started-at="2020-11-21T10:49:32Z" data-provider="dp" finished-at="2020-11-21T10:49:37Z">
          <params>
            <param index="0">
              <value>
                <![CDATA[ALG]]>
              </value>
            </param>
            <param index="1">
              <value>
                <![CDATA[60 days of month-end]]>
              </value>
            </param>
            <param index="2">
              <value>
                <![CDATA[Debit payment order]]>
              </value>
            </param>
            <param index="3">
              <value>
                <![CDATA[Transporter]]>
              </value>
            </param>
            <param index="4">
              <value>
                <![CDATA[Mar]]>
              </value>
            </param>
            <param index="5">
              <value>
                <![CDATA[2018]]>
              </value>
            </param>
            <param index="6">
              <value>
                <![CDATA[25]]>
              </value>
            </param>
            <param index="7">
              <value>
                <![CDATA[aurore]]>
              </value>
            </param>
            <param index="8">
              <value>
                <![CDATA[PJ2010-7634, BILLY]]>
              </value>
            </param>
            <param index="9">
              <value>
                <![CDATA[Euros (€)]]>
              </value>
            </param>
            <param index="10">
              <value>
                <![CDATA[PROV167]]>
              </value>
            </param>
          </params>
          <reporter-output>
          </reporter-output>
        </test-method> <!-- testNewPriceRequest -->
      </class> <!-- demo_Project.test.NewPriceRequestVendorPageTest -->
      <class name="demo_Project.test.SignInPageTest">
        <test-method status="PASS" signature="setURL()[pri:0, instance:demo_Project.test.SignInPageTest@16aa0a0a]" name="setURL" is-config="true" duration-ms="6795" started-at="2020-11-21T10:48:55Z" finished-at="2020-11-21T10:49:01Z">
          <reporter-output>
          </reporter-output>
        </test-method> <!-- setURL -->
        <test-method status="PASS" signature="signInPageTest(java.lang.String, java.lang.String, java.lang.String)[pri:0, instance:demo_Project.test.SignInPageTest@16aa0a0a]" name="signInPageTest" duration-ms="4114" started-at="2020-11-21T10:49:02Z" data-provider="signIn" finished-at="2020-11-21T10:49:06Z">
          <params>
            <param index="0">
              <value>
                <![CDATA[demo]]>
              </value>
            </param>
            <param index="1">
              <value>
                <![CDATA[demo]]>
              </value>
            </param>
            <param index="2">
              <value>
                <![CDATA[David]]>
              </value>
            </param>
          </params>
          <reporter-output>
          </reporter-output>
        </test-method> <!-- signInPageTest -->
      </class> <!-- demo_Project.test.SignInPageTest -->
      <class name="demo_Project.test.NotesOfSalesOrderPageTest">
        <test-method status="PASS" signature="testNotesOfSalesOrdersPage(java.lang.String, java.lang.String, java.lang.String, java.lang.String, java.lang.String, java.lang.String, java.lang.String, java.lang.String, java.lang.String, java.lang.String, java.lang.String, java.lang.String, java.lang.String, java.lang.String, java.lang.String, java.lang.String, java.lang.String, java.lang.String, java.lang.String)[pri:0, instance:demo_Project.test.NotesOfSalesOrderPageTest@e50a6f6]" name="testNotesOfSalesOrdersPage" duration-ms="774" started-at="2020-11-21T10:49:31Z" data-provider="dp" finished-at="2020-11-21T10:49:32Z">
          <params>
            <param index="0">
              <value>
                <![CDATA[MMH001Sales]]>
              </value>
            </param>
            <param index="1">
              <value>
                <![CDATA[ALTO]]>
              </value>
            </param>
            <param index="2">
              <value>
                <![CDATA[Feb]]>
              </value>
            </param>
            <param index="3">
              <value>
                <![CDATA[2019]]>
              </value>
            </param>
            <param index="4">
              <value>
                <![CDATA[28]]>
              </value>
            </param>
            <param index="5">
              <value>
                <![CDATA[Nov]]>
              </value>
            </param>
            <param index="6">
              <value>
                <![CDATA[2020]]>
              </value>
            </param>
            <param index="7">
              <value>
                <![CDATA[30]]>
              </value>
            </param>
            <param index="8">
              <value>
                <![CDATA[Due Upon Receipt]]>
              </value>
            </param>
            <param index="9">
              <value>
                <![CDATA[Bank transfer]]>
              </value>
            </param>
            <param index="10">
              <value>
                <![CDATA[Immediate]]>
              </value>
            </param>
            <param index="11">
              <value>
                <![CDATA[Catch]]>
              </value>
            </param>
            <param index="12">
              <value>
                <![CDATA[Internet]]>
              </value>
            </param>
            <param index="13">
              <value>
                <![CDATA[8455748, Project 4 - carlos laserna delgado (cld)]]>
              </value>
            </param>
            <param index="14">
              <value>
                <![CDATA[Duty Free]]>
              </value>
            </param>
            <param index="15">
              <value>
                <![CDATA[US Dollars ($)]]>
              </value>
            </param>
            <param index="16">
              <value>
                <![CDATA[Finish in time]]>
              </value>
            </param>
            <param index="17">
              <value>
                <![CDATA[Do not dely]]>
              </value>
            </param>
            <param index="18">
              <value>
                <![CDATA[PROV1084]]>
              </value>
            </param>
          </params>
          <reporter-output>
          </reporter-output>
        </test-method> <!-- testNotesOfSalesOrdersPage -->
      </class> <!-- demo_Project.test.NotesOfSalesOrderPageTest -->
      <class name="demo_Project.test.UserPageTest">
        <test-method status="PASS" signature="userPage()[pri:0, instance:demo_Project.test.UserPageTest@780cb77]" name="userPage" duration-ms="503" started-at="2020-11-21T10:49:07Z" finished-at="2020-11-21T10:49:07Z">
          <reporter-output>
          </reporter-output>
        </test-method> <!-- userPage -->
      </class> <!-- demo_Project.test.UserPageTest -->
      <class name="demo_Project.test.NewCommercialProposalPageTest">
        <test-method status="PASS" signature="testNewProposalPage(java.lang.String, java.lang.String, java.lang.String, java.lang.String, java.lang.String, java.lang.String, java.lang.String, java.lang.String, java.lang.String, java.lang.String, java.lang.String, java.lang.String, java.lang.String, java.lang.String, java.lang.String, java.lang.String, java.lang.String, java.lang.String, java.lang.String)[pri:0, instance:demo_Project.test.NewCommercialProposalPageTest@50a7bc6e]" name="testNewProposalPage" duration-ms="8890" started-at="2020-11-21T10:49:10Z" data-provider="dp" finished-at="2020-11-21T10:49:19Z">
          <params>
            <param index="0">
              <value>
                <![CDATA[MMH001]]>
              </value>
            </param>
            <param index="1">
              <value>
                <![CDATA[ALTO]]>
              </value>
            </param>
            <param index="2">
              <value>
                <![CDATA[Oct]]>
              </value>
            </param>
            <param index="3">
              <value>
                <![CDATA[2018]]>
              </value>
            </param>
            <param index="4">
              <value>
                <![CDATA[15]]>
              </value>
            </param>
            <param index="5">
              <value>
                <![CDATA[10]]>
              </value>
            </param>
            <param index="6">
              <value>
                <![CDATA[60 days]]>
              </value>
            </param>
            <param index="7">
              <value>
                <![CDATA[Credit card]]>
              </value>
            </param>
            <param index="8">
              <value>
                <![CDATA[Commercial contact]]>
              </value>
            </param>
            <param index="9">
              <value>
                <![CDATA[1 week]]>
              </value>
            </param>
            <param index="10">
              <value>
                <![CDATA[Transporter]]>
              </value>
            </param>
            <param index="11">
              <value>
                <![CDATA[Oct]]>
              </value>
            </param>
            <param index="12">
              <value>
                <![CDATA[2020]]>
              </value>
            </param>
            <param index="13">
              <value>
                <![CDATA[20]]>
              </value>
            </param>
            <param index="14">
              <value>
                <![CDATA[8455748, Project 4 - carlos laserna delgado (cld)]]>
              </value>
            </param>
            <param index="15">
              <value>
                <![CDATA[US Dollars ($)]]>
              </value>
            </param>
            <param index="16">
              <value>
                <![CDATA[My first Proposal]]>
              </value>
            </param>
            <param index="17">
              <value>
                <![CDATA[Note should be draft]]>
              </value>
            </param>
            <param index="18">
              <value>
                <![CDATA[PROV789]]>
              </value>
            </param>
          </params>
          <reporter-output>
          </reporter-output>
        </test-method> <!-- testNewProposalPage -->
      </class> <!-- demo_Project.test.NewCommercialProposalPageTest -->
    </test> <!-- TestDemo_V_1 -->
  </suite> <!-- Suite -->
</testng-results>
