<?xml version="1.0" encoding="UTF-8"?>
<!-- Generated by org.testng.reporters.JUnitXMLReporter -->
<testsuite hostname="DESKTOP-RS57QU3" ignored="10" name="TestDemo_V_1" tests="11" failures="0" timestamp="21 Nov 2020 15:49:45 GMT" time="44.042" errors="0">
  <testcase name="signInPageTest" time="4.114" classname="demo_Project.test.SignInPageTest"/>
  <testcase name="userPage" time="0.503" classname="demo_Project.test.UserPageTest"/>
  <testcase name="clkCommercialProposals" time="1.538" classname="demo_Project.test.CommerceAreaPageTest"/>
  <testcase name="testNewProposalPage" time="8.89" classname="demo_Project.test.NewCommercialProposalPageTest"/>
  <testcase name="testListOfCommercialProposalpage" time="0.533" classname="demo_Project.test.ListOfCommercialProposalsPageTest"/>
  <testcase name="testForNotesOfCProposalpage" time="0.64" classname="demo_Project.test.NotesForCProposalPageTest"/>
  <testcase name="testNewSalesOrdersPage" time="4.4" classname="demo_Project.test.NewSalesOrdersPageTest"/>
  <testcase name="testListOfSalesOrdersPage" time="4.74" classname="demo_Project.test.ListOfSalesOrderTest"/>
  <testcase name="testNotesOfSalesOrdersPage" time="0.774" classname="demo_Project.test.NotesOfSalesOrderPageTest"/>
  <testcase name="testNewPriceRequest" time="5.289" classname="demo_Project.test.NewPriceRequestVendorPageTest"/>
  <testcase name="testListOfVendorProposalRequestPage" time="4.536" classname="demo_Project.test.ListOfVendorProposalRequestsTest"/>
  <testcase name="@BeforeSuite setURL" time="0.0" classname="demo_Project.test.TestBase">
    <ignored/>
  </testcase> <!-- @BeforeSuite setURL -->
  <testcase name="@BeforeSuite setURL" time="0.0" classname="demo_Project.test.TestBase">
    <ignored/>
  </testcase> <!-- @BeforeSuite setURL -->
  <testcase name="@BeforeSuite setURL" time="0.0" classname="demo_Project.test.TestBase">
    <ignored/>
  </testcase> <!-- @BeforeSuite setURL -->
  <testcase name="@BeforeSuite setURL" time="0.0" classname="demo_Project.test.TestBase">
    <ignored/>
  </testcase> <!-- @BeforeSuite setURL -->
  <testcase name="@BeforeSuite setURL" time="0.0" classname="demo_Project.test.TestBase">
    <ignored/>
  </testcase> <!-- @BeforeSuite setURL -->
  <testcase name="@BeforeSuite setURL" time="0.0" classname="demo_Project.test.TestBase">
    <ignored/>
  </testcase> <!-- @BeforeSuite setURL -->
  <testcase name="@BeforeSuite setURL" time="0.0" classname="demo_Project.test.TestBase">
    <ignored/>
  </testcase> <!-- @BeforeSuite setURL -->
  <testcase name="@BeforeSuite setURL" time="0.0" classname="demo_Project.test.TestBase">
    <ignored/>
  </testcase> <!-- @BeforeSuite setURL -->
  <testcase name="@BeforeSuite setURL" time="0.0" classname="demo_Project.test.TestBase">
    <ignored/>
  </testcase> <!-- @BeforeSuite setURL -->
  <testcase name="@BeforeSuite setURL" time="0.0" classname="demo_Project.test.TestBase">
    <ignored/>
  </testcase> <!-- @BeforeSuite setURL -->
</testsuite> <!-- TestDemo_V_1 -->
